<?xml version="1.0" encoding="UTF-8" ?>
<testsuite tests="2" failures="0" name="com.chainbloc.HelloAppEngineTest" time="1.083" errors="0" skipped="0">
  <properties>
    <property name="java.runtime.name" value="Java(TM) SE Runtime Environment"/>
    <property name="sun.boot.library.path" value="C:\corva\tools\java\jdk1.8.0_65\jre\bin"/>
    <property name="java.vm.version" value="25.65-b01"/>
    <property name="java.vm.vendor" value="Oracle Corporation"/>
    <property name="java.vendor.url" value="http://java.oracle.com/"/>
    <property name="path.separator" value=";"/>
    <property name="guice.disable.misplaced.annotation.check" value="true"/>
    <property name="java.vm.name" value="Java HotSpot(TM) 64-Bit Server VM"/>
    <property name="file.encoding.pkg" value="sun.io"/>
    <property name="user.script" value=""/>
    <property name="user.country" value="DE"/>
    <property name="sun.java.launcher" value="SUN_STANDARD"/>
    <property name="sun.os.patch.level" value=""/>
    <property name="java.vm.specification.name" value="Java Virtual Machine Specification"/>
    <property name="user.dir" value="C:\Users\Cortés Vargas\Downloads\tasks\reservations\ChainBloc\ChainBloc"/>
    <property name="java.runtime.version" value="1.8.0_65-b17"/>
    <property name="java.awt.graphicsenv" value="sun.awt.Win32GraphicsEnvironment"/>
    <property name="java.endorsed.dirs" value="C:\corva\tools\java\jdk1.8.0_65\jre\lib\endorsed"/>
    <property name="os.arch" value="amd64"/>
    <property name="java.io.tmpdir" value="C:\Users\CORTSV~1\AppData\Local\Temp\"/>
    <property name="line.separator" value="
"/>
    <property name="java.vm.specification.vendor" value="Oracle Corporation"/>
    <property name="user.variant" value=""/>
    <property name="os.name" value="Windows 8.1"/>
    <property name="maven.ext.class.path" value="C:\corva\tools\NetBeans\8.2\java\maven-nblib\netbeans-eventspy.jar"/>
    <property name="classworlds.conf" value="C:\corva\tools\NetBeans\8.2\java\maven\bin\m2.conf"/>
    <property name="sun.jnu.encoding" value="Cp1252"/>
    <property name="java.library.path" value="C:\corva\tools\java\jdk1.8.0_65\bin;C:\Windows\Sun\Java\bin;C:\Windows\system32;C:\Windows;C:\ProgramData\Oracle\Java\javapath;C:\Windows\system32;C:\Windows;C:\Windows\System32\Wbem;C:\Windows\System32\WindowsPowerShell\v1.0\;C:\Program Files (x86)\Common Files\Acronis\SnapAPI\;C:\Program Files\Norman\Npm\Bin;C:\Program Files (x86)\Skype\Phone\;C:\corva\tools\apache-maven\3.3.3\bin;C:\Program Files (x86)\GitExtensions\;C:\corva\tools\gradle\3.3\bin;C:\corva\tools\nodejs\5.6.0\;C:\corva\tools\Me\Heroku\bin;C:\Program Files (x86)\Heroku\bin;C:\corva\tools\Heroku\bin;C:\Program Files\Microsoft\Web Platform Installer\;C:\Program Files\Microsoft SQL Server\110\Tools\Binn\;C:\Program Files (x86)\Microsoft SDKs\Azure\CLI\wbin;C:\corva\tools\Git\cmd;C:\corva\tools\Git\bin;C:\corva\tools\Git\usr\bin;C:\corva\tools\Vagrant\bin;C:\corva\tools\TortoiseGit\bin;C:\corva\tools\checksum;C:\corva\tools\PuTTY;C:\corva\tools\CloudFoundry;C:\corva\tools\TortoiseSVN\bin;C:\corva\tools\Notepad++;&quot;C:\corva\tools\Sublime Text 3&quot;;C:\corva\tools\vault\0.6.5;C:\corva\tools\Python36-32\Scripts\;C:\corva\tools\Python36-32\;C:\Users\Cortés Vargas\AppData\Roaming\npm;C:\corva\tools\Spring-Boot-Cli\1.3.2.BUILD-SNAPSHOT\bin;C:\corva\tools\Docker Toolbox;."/>
    <property name="java.specification.name" value="Java Platform API Specification"/>
    <property name="java.class.version" value="52.0"/>
    <property name="sun.management.compiler" value="HotSpot 64-Bit Tiered Compilers"/>
    <property name="os.version" value="6.3"/>
    <property name="user.home" value="C:\Users\Cortés Vargas"/>
    <property name="user.timezone" value="Europe/Berlin"/>
    <property name="java.awt.printerjob" value="sun.awt.windows.WPrinterJob"/>
    <property name="java.specification.version" value="1.8"/>
    <property name="file.encoding" value="UTF-8"/>
    <property name="user.name" value="Cortés Vargas"/>
    <property name="java.class.path" value="C:\corva\tools\NetBeans\8.2\java\maven\boot\plexus-classworlds-2.4.jar"/>
    <property name="java.vm.specification.version" value="1.8"/>
    <property name="sun.arch.data.model" value="64"/>
    <property name="java.home" value="C:\corva\tools\java\jdk1.8.0_65\jre"/>
    <property name="sun.java.command" value="org.codehaus.plexus.classworlds.launcher.Launcher -Dmaven.ext.class.path=C:\corva\tools\NetBeans\8.2\java\maven-nblib\netbeans-eventspy.jar -Dfile.encoding=UTF-8 install"/>
    <property name="java.specification.vendor" value="Oracle Corporation"/>
    <property name="user.language" value="de"/>
    <property name="awt.toolkit" value="sun.awt.windows.WToolkit"/>
    <property name="java.vm.info" value="mixed mode"/>
    <property name="java.version" value="1.8.0_65"/>
    <property name="java.ext.dirs" value="C:\corva\tools\java\jdk1.8.0_65\jre\lib\ext;C:\Windows\Sun\Java\lib\ext"/>
    <property name="sun.boot.class.path" value="C:\corva\tools\java\jdk1.8.0_65\jre\lib\resources.jar;C:\corva\tools\java\jdk1.8.0_65\jre\lib\rt.jar;C:\corva\tools\java\jdk1.8.0_65\jre\lib\sunrsasign.jar;C:\corva\tools\java\jdk1.8.0_65\jre\lib\jsse.jar;C:\corva\tools\java\jdk1.8.0_65\jre\lib\jce.jar;C:\corva\tools\java\jdk1.8.0_65\jre\lib\charsets.jar;C:\corva\tools\java\jdk1.8.0_65\jre\lib\jfr.jar;C:\corva\tools\java\jdk1.8.0_65\jre\classes"/>
    <property name="java.vendor" value="Oracle Corporation"/>
    <property name="maven.home" value="C:\corva\tools\NetBeans\8.2\java\maven"/>
    <property name="file.separator" value="\"/>
    <property name="java.vendor.url.bug" value="http://bugreport.sun.com/bugreport/"/>
    <property name="sun.cpu.endian" value="little"/>
    <property name="sun.io.unicode.encoding" value="UnicodeLittle"/>
    <property name="sun.desktop" value="windows"/>
    <property name="sun.cpu.isalist" value="amd64"/>
  </properties>
  <testcase classname="com.chainbloc.HelloAppEngineTest" name="doGet_writesResponse" time="0.542"/>
  <testcase classname="com.chainbloc.HelloAppEngineTest" name="HelloInfo_test" time="0.013"/>
</testsuite>